accents
ae
algorithm
amsmath
amstext
apacite
arabi
array
avant
babel
bera
bibtopic
bicaption
bidi
bm
bookman
booktabs
braille
breakurl
calc
caption
ccfonts
chancery
charter
CJKutf8
cmbright
color
colortbl
courier
covington
csquotes
dvipost
ec
eco
endnotes
enumitem
esint
eso-pic
etoolbox
eurosym
fancybox
fancyhdr
fancyvrb
feyn
fix-cm
fixltx2e
float
fontspec
footmisc
fourier
framed
geometry
graphicx
harvard
helvet
hhline
hyperref
hyphenat
ifsym
ifthen
jurabib
latex8
lettrine
listings
lithuanian
lmodern
longtable
luainputenc
luximono
makecmds
marvosym
mathdots
mathpazo
mathpple
mathptm
mathptmx
mathrsfs
mhchem
mongolian
multicol
multirow
natbib
newcent
nicefrac
nomencl
paralist
pdfcolmk
pdfpages
pgf
pifont
pmboxdraw
polyglossia
prettyref
preview
psnfss
refstyle
rotating
rotfloat
rsphrase
setspace
slashed
soul
splitidx
stackrel
subfig
textcomp
tipa
tipx
tone
turkmen
txfonts
ulem
undertilde
units
url
utopia
varioref
varwidth
wasy
wasysym
wrapfig
xargs
xcolor
xetex-def
xkeyval
zhmetrics
